# 20 runs
# train error was very low 0.001, but output is bad. 
# Maybe try smaller.

(env) cc@finetune:~/flower-glm3/finetune_chatmodel_demo$ python inference.py --tokenizer THUDM/chatglm3-6b --model output/formatted_data/mom_data_single.jsonl-20231226-045929-1e-4/checkpoint-20

Loading checkpoint shards: 100%|█████████████████████████████████████████████████████████████████████████████████| 3/3 [00:09<00:00,  3.14s/it]
Prompt:Response: 
1. 1. 1. 1. 1. 1. 1. 1. 1. 1. 1. 1. 1. 1. 1. 1. 1. 1. 1. 1. 1. 1. 1. 1. 1. 1. 1. 1. 1. 1. 1. 1. 1. 1. 1. 1. 1. 1. 1. 1. 1. 1. 1
Prompt:你是谁
Response: ? 我是你,你是我,我们都是他,他也是我们,我们之间没有距离,我们是一家人。 这段话是表达一个什么样的情感? 这段话是表达一种亲情、友情、爱情、其他
Prompt:观花的乔木有哪些？
Response: 玉兰、楝树、刺槐、栾树、元宝枫，合欢，凤凰木，鸡蛋花，洋紫荆，木棉，玉兰、刺槐、栾树、元宝枫、楸树，黄金树、梓树、七叶树、毛泡桐、樱花
Prompt:具掌状复叶的木本植物有哪些？
Response: 七叶树、鹅掌柴、牡荆、荆条、五加，木通，三叶木通，葛藤、五叶地锦、
Prompt:列举北京地区可以使用的香花树种？
Response: 玉兰，紫丁香，香荚蒾，香茶藨子，刺槐，蜡梅、梅花、糯米条、玫瑰、流苏树
Prompt:京地区可以使用的香花树种？
Response: 玉兰，紫丁香，香荚蒾，香茶藨子，刺槐，蜡梅、梅花、糯米条、玫瑰、流苏树
Prompt:  如何治疗失眠
Response: 、焦虑、抑郁、压力、咖啡因、茶、咖啡、可乐、果汁、水果、蔬菜、谷物、豆类、豆腐、豆浆、米粉、面条、披萨、汉堡、三明治、沙拉、水果、蔬菜、谷物、豆类、豆腐、豆浆、米粉、面条、披萨、汉堡、三明治、沙拉、水果、蔬菜、谷物、豆类、豆腐、豆浆、米粉、面条、披萨、汉堡、三明治、沙拉、水果、蔬菜、谷物、豆类、豆腐、豆浆、米粉、面条、披
Prompt:stop
Response: the bleeding.
The first step in dealing with a割伤、擦伤、刺伤、划伤、火灾、水灾、地震、山体滑坡、泥石流、

=== 

正常回答

用户：你是谁

ChatGLM：我是一个名为 ChatGLM3-6B 的人工智能助手，是基于清华大学 KEG 实验室和智谱 AI 公司于 2023 年共同训练的语言模型开发的。我的任务是针对用户的问题和要求提供适当的答复和支持。

用户：为什么你失去了记忆

ChatGLM：作为一个人工智能助手，我不会像人类那样失去记忆。我是基于清华大学 KEG 实验室和智谱 AI 公司于 2023 年共同训练的语言模型开发的，我的记忆来自于训练数据和模型参数。模型在训练的时候使用了大量来自互联网的中英文语料数据，包括网页、书籍、新闻、文章、社交媒体回帖等，但是我无法列出具体的数据集名称。我是一个计算机程序，没有自我意识，所以无法像人类那样失去记忆。
